<?xml version="1.0" encoding="UTF-8"?>
<!-- Generated by org.testng.reporters.JUnitReportReporter -->
<testsuite hostname="temp-HP3" name="testPackage.PageObjectTest" tests="1" failures="0" timestamp="1 Jul 2014 15:25:01 GMT" time="25.938" errors="0">
  <testcase name="loginTest" time="25.938" classname="testPackage.PageObjectTest"/>
</testsuite> <!-- testPackage.PageObjectTest -->
